{
  "RSpec": {
    "coverage": {
      "/home/laiss/webdev/old/laiss-ai-project/laiss-claiss-gem/lib/claiss.rb": {
        "lines": [
          1,
          1,
          1,
          1,
          1,
          1,
          null,
          null,
          1,
          1,
          1,
          null,
          null,
          1,
          1,
          null,
          1,
          null,
          1,
          1,
          null,
          1,
          1,
          null,
          null,
          null,
          1,
          1,
          null,
          1,
          1,
          1,
          null,
          1,
          null,
          null,
          null,
          null,
          1,
          1,
          1,
          null,
          1,
          1,
          null,
          1,
          1,
          null,
          null,
          null,
          1,
          1,
          null,
          1,
          null,
          null,
          1,
          null,
          1,
          3,
          39,
          null,
          null,
          null,
          1,
          1,
          null,
          null,
          null,
          null,
          null,
          null,
          1,
          3,
          3,
          null,
          null,
          null,
          1,
          2,
          null,
          null,
          2,
          null,
          null,
          null,
          null,
          6,
          null,
          2,
          null,
          1,
          1,
          1,
          null,
          0,
          null,
          null,
          1,
          4,
          null,
          null,
          1,
          1,
          null,
          0,
          null,
          null,
          null,
          1,
          null,
          5,
          null,
          1,
          null,
          null,
          null,
          null,
          null,
          null,
          0,
          0,
          null,
          null,
          null,
          1,
          0,
          0,
          0,
          0,
          null,
          null,
          null,
          1,
          null,
          null,
          5,
          null,
          null,
          null,
          0,
          0,
          0,
          0,
          null,
          0,
          null,
          null,
          5,
          5,
          16,
          5,
          null,
          null,
          null,
          5,
          5,
          null,
          5,
          3,
          null,
          2,
          null,
          null,
          5,
          5,
          null,
          5,
          5,
          5,
          4,
          4,
          4,
          null,
          1,
          1,
          null,
          5,
          null,
          null,
          0,
          0,
          0,
          null,
          null,
          1,
          6,
          17,
          null,
          null,
          null,
          1,
          1,
          5,
          2,
          2,
          2,
          null,
          0,
          0,
          null,
          0,
          null,
          null,
          null,
          null,
          null,
          null,
          1,
          1,
          null,
          1,
          null,
          1,
          null,
          null,
          null,
          null,
          1,
          3,
          null,
          3,
          31,
          31,
          31,
          16,
          null,
          15,
          null,
          null,
          null,
          3,
          3,
          12,
          12,
          null,
          null,
          3,
          null,
          null,
          1,
          null,
          1,
          null,
          15,
          null,
          null,
          15,
          null,
          null,
          15,
          null,
          null,
          15,
          11,
          null,
          4,
          null,
          null,
          null,
          15,
          null,
          0,
          null,
          null,
          null,
          null,
          1,
          1,
          1
        ]
      },
      "/home/laiss/webdev/old/laiss-ai-project/laiss-claiss-gem/lib/claiss/commands.rb": {
        "lines": [
          1,
          1,
          1,
          null,
          1,
          1,
          1,
          null
        ]
      },
      "/home/laiss/webdev/old/laiss-ai-project/laiss-claiss-gem/lib/claiss/cli.rb": {
        "lines": [
          1,
          1,
          1,
          0,
          null,
          null
        ]
      }
    },
    "timestamp": 1748732061
  }
}
